Start testing: Jul 12 20:56 Eastern Daylight Time
----------------------------------------------------------
1/49 Testing: Vec3Construction.DefaultConstructorInitializesComponentsToZero
1/49 Test: Vec3Construction.DefaultConstructorInitializesComponentsToZero
Command: "C:/msys64/home/rtyng/cpp-physics-engine/build/math_core_tests.exe" "--gtest_filter=Vec3Construction.DefaultConstructorInitializesComponentsToZero" "--gtest_also_run_disabled_tests"
Directory: C:/msys64/home/rtyng/cpp-physics-engine/build
"Vec3Construction.DefaultConstructorInitializesComponentsToZero" start time: Jul 12 20:56 Eastern Daylight Time
Output:
----------------------------------------------------------
Running main() from C:/msys64/home/rtyng/cpp-physics-engine/build/_deps/googletest-src/googletest/src/gtest_main.cc
Note: Google Test filter = Vec3Construction.DefaultConstructorInitializesComponentsToZero
[==========] Running 1 test from 1 test suite.
[----------] Global test environment set-up.
[----------] 1 test from Vec3Construction
[ RUN      ] Vec3Construction.DefaultConstructorInitializesComponentsToZero
[       OK ] Vec3Construction.DefaultConstructorInitializesComponentsToZero (0 ms)
[----------] 1 test from Vec3Construction (0 ms total)

[----------] Global test environment tear-down
[==========] 1 test from 1 test suite ran. (0 ms total)
[  PASSED  ] 1 test.
<end of output>
Test time =   0.11 sec
----------------------------------------------------------
Test Passed.
"Vec3Construction.DefaultConstructorInitializesComponentsToZero" end time: Jul 12 20:56 Eastern Daylight Time
"Vec3Construction.DefaultConstructorInitializesComponentsToZero" time elapsed: 00:00:00
----------------------------------------------------------

2/49 Testing: Vec3Construction.ComponentConstructorStoresPositiveValues
2/49 Test: Vec3Construction.ComponentConstructorStoresPositiveValues
Command: "C:/msys64/home/rtyng/cpp-physics-engine/build/math_core_tests.exe" "--gtest_filter=Vec3Construction.ComponentConstructorStoresPositiveValues" "--gtest_also_run_disabled_tests"
Directory: C:/msys64/home/rtyng/cpp-physics-engine/build
"Vec3Construction.ComponentConstructorStoresPositiveValues" start time: Jul 12 20:56 Eastern Daylight Time
Output:
----------------------------------------------------------
Running main() from C:/msys64/home/rtyng/cpp-physics-engine/build/_deps/googletest-src/googletest/src/gtest_main.cc
Note: Google Test filter = Vec3Construction.ComponentConstructorStoresPositiveValues
[==========] Running 1 test from 1 test suite.
[----------] Global test environment set-up.
[----------] 1 test from Vec3Construction
[ RUN      ] Vec3Construction.ComponentConstructorStoresPositiveValues
[       OK ] Vec3Construction.ComponentConstructorStoresPositiveValues (0 ms)
[----------] 1 test from Vec3Construction (0 ms total)

[----------] Global test environment tear-down
[==========] 1 test from 1 test suite ran. (0 ms total)
[  PASSED  ] 1 test.
<end of output>
Test time =   0.01 sec
----------------------------------------------------------
Test Passed.
"Vec3Construction.ComponentConstructorStoresPositiveValues" end time: Jul 12 20:56 Eastern Daylight Time
"Vec3Construction.ComponentConstructorStoresPositiveValues" time elapsed: 00:00:00
----------------------------------------------------------

3/49 Testing: Vec3Construction.ComponentConstructorStoresNegativeAndFractionalValues
3/49 Test: Vec3Construction.ComponentConstructorStoresNegativeAndFractionalValues
Command: "C:/msys64/home/rtyng/cpp-physics-engine/build/math_core_tests.exe" "--gtest_filter=Vec3Construction.ComponentConstructorStoresNegativeAndFractionalValues" "--gtest_also_run_disabled_tests"
Directory: C:/msys64/home/rtyng/cpp-physics-engine/build
"Vec3Construction.ComponentConstructorStoresNegativeAndFractionalValues" start time: Jul 12 20:56 Eastern Daylight Time
Output:
----------------------------------------------------------
Running main() from C:/msys64/home/rtyng/cpp-physics-engine/build/_deps/googletest-src/googletest/src/gtest_main.cc
Note: Google Test filter = Vec3Construction.ComponentConstructorStoresNegativeAndFractionalValues
[==========] Running 1 test from 1 test suite.
[----------] Global test environment set-up.
[----------] 1 test from Vec3Construction
[ RUN      ] Vec3Construction.ComponentConstructorStoresNegativeAndFractionalValues
[       OK ] Vec3Construction.ComponentConstructorStoresNegativeAndFractionalValues (0 ms)
[----------] 1 test from Vec3Construction (0 ms total)

[----------] Global test environment tear-down
[==========] 1 test from 1 test suite ran. (0 ms total)
[  PASSED  ] 1 test.
<end of output>
Test time =   0.01 sec
----------------------------------------------------------
Test Passed.
"Vec3Construction.ComponentConstructorStoresNegativeAndFractionalValues" end time: Jul 12 20:56 Eastern Daylight Time
"Vec3Construction.ComponentConstructorStoresNegativeAndFractionalValues" time elapsed: 00:00:00
----------------------------------------------------------

4/49 Testing: Vec3ScalarMultiplication.MultipliesEveryComponentByPositiveScalar
4/49 Test: Vec3ScalarMultiplication.MultipliesEveryComponentByPositiveScalar
Command: "C:/msys64/home/rtyng/cpp-physics-engine/build/math_core_tests.exe" "--gtest_filter=Vec3ScalarMultiplication.MultipliesEveryComponentByPositiveScalar" "--gtest_also_run_disabled_tests"
Directory: C:/msys64/home/rtyng/cpp-physics-engine/build
"Vec3ScalarMultiplication.MultipliesEveryComponentByPositiveScalar" start time: Jul 12 20:56 Eastern Daylight Time
Output:
----------------------------------------------------------
Running main() from C:/msys64/home/rtyng/cpp-physics-engine/build/_deps/googletest-src/googletest/src/gtest_main.cc
Note: Google Test filter = Vec3ScalarMultiplication.MultipliesEveryComponentByPositiveScalar
[==========] Running 1 test from 1 test suite.
[----------] Global test environment set-up.
[----------] 1 test from Vec3ScalarMultiplication
[ RUN      ] Vec3ScalarMultiplication.MultipliesEveryComponentByPositiveScalar
[       OK ] Vec3ScalarMultiplication.MultipliesEveryComponentByPositiveScalar (0 ms)
[----------] 1 test from Vec3ScalarMultiplication (0 ms total)

[----------] Global test environment tear-down
[==========] 1 test from 1 test suite ran. (0 ms total)
[  PASSED  ] 1 test.
<end of output>
Test time =   0.01 sec
----------------------------------------------------------
Test Passed.
"Vec3ScalarMultiplication.MultipliesEveryComponentByPositiveScalar" end time: Jul 12 20:56 Eastern Daylight Time
"Vec3ScalarMultiplication.MultipliesEveryComponentByPositiveScalar" time elapsed: 00:00:00
----------------------------------------------------------

5/49 Testing: Vec3ScalarMultiplication.MultipliesEveryComponentByNegativeScalar
5/49 Test: Vec3ScalarMultiplication.MultipliesEveryComponentByNegativeScalar
Command: "C:/msys64/home/rtyng/cpp-physics-engine/build/math_core_tests.exe" "--gtest_filter=Vec3ScalarMultiplication.MultipliesEveryComponentByNegativeScalar" "--gtest_also_run_disabled_tests"
Directory: C:/msys64/home/rtyng/cpp-physics-engine/build
"Vec3ScalarMultiplication.MultipliesEveryComponentByNegativeScalar" start time: Jul 12 20:56 Eastern Daylight Time
Output:
----------------------------------------------------------
Running main() from C:/msys64/home/rtyng/cpp-physics-engine/build/_deps/googletest-src/googletest/src/gtest_main.cc
Note: Google Test filter = Vec3ScalarMultiplication.MultipliesEveryComponentByNegativeScalar
[==========] Running 1 test from 1 test suite.
[----------] Global test environment set-up.
[----------] 1 test from Vec3ScalarMultiplication
[ RUN      ] Vec3ScalarMultiplication.MultipliesEveryComponentByNegativeScalar
[       OK ] Vec3ScalarMultiplication.MultipliesEveryComponentByNegativeScalar (0 ms)
[----------] 1 test from Vec3ScalarMultiplication (0 ms total)

[----------] Global test environment tear-down
[==========] 1 test from 1 test suite ran. (0 ms total)
[  PASSED  ] 1 test.
<end of output>
Test time =   0.01 sec
----------------------------------------------------------
Test Passed.
"Vec3ScalarMultiplication.MultipliesEveryComponentByNegativeScalar" end time: Jul 12 20:56 Eastern Daylight Time
"Vec3ScalarMultiplication.MultipliesEveryComponentByNegativeScalar" time elapsed: 00:00:00
----------------------------------------------------------

6/49 Testing: Vec3ScalarMultiplication.MultiplicationByZeroProducesZeroVector
6/49 Test: Vec3ScalarMultiplication.MultiplicationByZeroProducesZeroVector
Command: "C:/msys64/home/rtyng/cpp-physics-engine/build/math_core_tests.exe" "--gtest_filter=Vec3ScalarMultiplication.MultiplicationByZeroProducesZeroVector" "--gtest_also_run_disabled_tests"
Directory: C:/msys64/home/rtyng/cpp-physics-engine/build
"Vec3ScalarMultiplication.MultiplicationByZeroProducesZeroVector" start time: Jul 12 20:56 Eastern Daylight Time
Output:
----------------------------------------------------------
Running main() from C:/msys64/home/rtyng/cpp-physics-engine/build/_deps/googletest-src/googletest/src/gtest_main.cc
Note: Google Test filter = Vec3ScalarMultiplication.MultiplicationByZeroProducesZeroVector
[==========] Running 1 test from 1 test suite.
[----------] Global test environment set-up.
[----------] 1 test from Vec3ScalarMultiplication
[ RUN      ] Vec3ScalarMultiplication.MultiplicationByZeroProducesZeroVector
[       OK ] Vec3ScalarMultiplication.MultiplicationByZeroProducesZeroVector (0 ms)
[----------] 1 test from Vec3ScalarMultiplication (0 ms total)

[----------] Global test environment tear-down
[==========] 1 test from 1 test suite ran. (0 ms total)
[  PASSED  ] 1 test.
<end of output>
Test time =   0.01 sec
----------------------------------------------------------
Test Passed.
"Vec3ScalarMultiplication.MultiplicationByZeroProducesZeroVector" end time: Jul 12 20:56 Eastern Daylight Time
"Vec3ScalarMultiplication.MultiplicationByZeroProducesZeroVector" time elapsed: 00:00:00
----------------------------------------------------------

7/49 Testing: Vec3ScalarMultiplication.MultiplicationByOnePreservesVector
7/49 Test: Vec3ScalarMultiplication.MultiplicationByOnePreservesVector
Command: "C:/msys64/home/rtyng/cpp-physics-engine/build/math_core_tests.exe" "--gtest_filter=Vec3ScalarMultiplication.MultiplicationByOnePreservesVector" "--gtest_also_run_disabled_tests"
Directory: C:/msys64/home/rtyng/cpp-physics-engine/build
"Vec3ScalarMultiplication.MultiplicationByOnePreservesVector" start time: Jul 12 20:56 Eastern Daylight Time
Output:
----------------------------------------------------------
Running main() from C:/msys64/home/rtyng/cpp-physics-engine/build/_deps/googletest-src/googletest/src/gtest_main.cc
Note: Google Test filter = Vec3ScalarMultiplication.MultiplicationByOnePreservesVector
[==========] Running 1 test from 1 test suite.
[----------] Global test environment set-up.
[----------] 1 test from Vec3ScalarMultiplication
[ RUN      ] Vec3ScalarMultiplication.MultiplicationByOnePreservesVector
[       OK ] Vec3ScalarMultiplication.MultiplicationByOnePreservesVector (0 ms)
[----------] 1 test from Vec3ScalarMultiplication (0 ms total)

[----------] Global test environment tear-down
[==========] 1 test from 1 test suite ran. (0 ms total)
[  PASSED  ] 1 test.
<end of output>
Test time =   0.01 sec
----------------------------------------------------------
Test Passed.
"Vec3ScalarMultiplication.MultiplicationByOnePreservesVector" end time: Jul 12 20:56 Eastern Daylight Time
"Vec3ScalarMultiplication.MultiplicationByOnePreservesVector" time elapsed: 00:00:00
----------------------------------------------------------

8/49 Testing: Vec3ScalarMultiplication.DoesNotModifyOriginalVector
8/49 Test: Vec3ScalarMultiplication.DoesNotModifyOriginalVector
Command: "C:/msys64/home/rtyng/cpp-physics-engine/build/math_core_tests.exe" "--gtest_filter=Vec3ScalarMultiplication.DoesNotModifyOriginalVector" "--gtest_also_run_disabled_tests"
Directory: C:/msys64/home/rtyng/cpp-physics-engine/build
"Vec3ScalarMultiplication.DoesNotModifyOriginalVector" start time: Jul 12 20:56 Eastern Daylight Time
Output:
----------------------------------------------------------
Running main() from C:/msys64/home/rtyng/cpp-physics-engine/build/_deps/googletest-src/googletest/src/gtest_main.cc
Note: Google Test filter = Vec3ScalarMultiplication.DoesNotModifyOriginalVector
[==========] Running 1 test from 1 test suite.
[----------] Global test environment set-up.
[----------] 1 test from Vec3ScalarMultiplication
[ RUN      ] Vec3ScalarMultiplication.DoesNotModifyOriginalVector
[       OK ] Vec3ScalarMultiplication.DoesNotModifyOriginalVector (0 ms)
[----------] 1 test from Vec3ScalarMultiplication (0 ms total)

[----------] Global test environment tear-down
[==========] 1 test from 1 test suite ran. (0 ms total)
[  PASSED  ] 1 test.
<end of output>
Test time =   0.01 sec
----------------------------------------------------------
Test Passed.
"Vec3ScalarMultiplication.DoesNotModifyOriginalVector" end time: Jul 12 20:56 Eastern Daylight Time
"Vec3ScalarMultiplication.DoesNotModifyOriginalVector" time elapsed: 00:00:00
----------------------------------------------------------

9/49 Testing: Vec3CompoundAddition.AddsComponentsToCurrentVector
9/49 Test: Vec3CompoundAddition.AddsComponentsToCurrentVector
Command: "C:/msys64/home/rtyng/cpp-physics-engine/build/math_core_tests.exe" "--gtest_filter=Vec3CompoundAddition.AddsComponentsToCurrentVector" "--gtest_also_run_disabled_tests"
Directory: C:/msys64/home/rtyng/cpp-physics-engine/build
"Vec3CompoundAddition.AddsComponentsToCurrentVector" start time: Jul 12 20:56 Eastern Daylight Time
Output:
----------------------------------------------------------
Running main() from C:/msys64/home/rtyng/cpp-physics-engine/build/_deps/googletest-src/googletest/src/gtest_main.cc
Note: Google Test filter = Vec3CompoundAddition.AddsComponentsToCurrentVector
[==========] Running 1 test from 1 test suite.
[----------] Global test environment set-up.
[----------] 1 test from Vec3CompoundAddition
[ RUN      ] Vec3CompoundAddition.AddsComponentsToCurrentVector
[       OK ] Vec3CompoundAddition.AddsComponentsToCurrentVector (0 ms)
[----------] 1 test from Vec3CompoundAddition (0 ms total)

[----------] Global test environment tear-down
[==========] 1 test from 1 test suite ran. (0 ms total)
[  PASSED  ] 1 test.
<end of output>
Test time =   0.01 sec
----------------------------------------------------------
Test Passed.
"Vec3CompoundAddition.AddsComponentsToCurrentVector" end time: Jul 12 20:56 Eastern Daylight Time
"Vec3CompoundAddition.AddsComponentsToCurrentVector" time elapsed: 00:00:00
----------------------------------------------------------

10/49 Testing: Vec3CompoundAddition.AddingZeroLeavesVectorUnchanged
10/49 Test: Vec3CompoundAddition.AddingZeroLeavesVectorUnchanged
Command: "C:/msys64/home/rtyng/cpp-physics-engine/build/math_core_tests.exe" "--gtest_filter=Vec3CompoundAddition.AddingZeroLeavesVectorUnchanged" "--gtest_also_run_disabled_tests"
Directory: C:/msys64/home/rtyng/cpp-physics-engine/build
"Vec3CompoundAddition.AddingZeroLeavesVectorUnchanged" start time: Jul 12 20:56 Eastern Daylight Time
Output:
----------------------------------------------------------
Running main() from C:/msys64/home/rtyng/cpp-physics-engine/build/_deps/googletest-src/googletest/src/gtest_main.cc
Note: Google Test filter = Vec3CompoundAddition.AddingZeroLeavesVectorUnchanged
[==========] Running 1 test from 1 test suite.
[----------] Global test environment set-up.
[----------] 1 test from Vec3CompoundAddition
[ RUN      ] Vec3CompoundAddition.AddingZeroLeavesVectorUnchanged
[       OK ] Vec3CompoundAddition.AddingZeroLeavesVectorUnchanged (0 ms)
[----------] 1 test from Vec3CompoundAddition (0 ms total)

[----------] Global test environment tear-down
[==========] 1 test from 1 test suite ran. (0 ms total)
[  PASSED  ] 1 test.
<end of output>
Test time =   0.01 sec
----------------------------------------------------------
Test Passed.
"Vec3CompoundAddition.AddingZeroLeavesVectorUnchanged" end time: Jul 12 20:56 Eastern Daylight Time
"Vec3CompoundAddition.AddingZeroLeavesVectorUnchanged" time elapsed: 00:00:00
----------------------------------------------------------

11/49 Testing: Vec3CompoundAddition.SupportsNegativeComponents
11/49 Test: Vec3CompoundAddition.SupportsNegativeComponents
Command: "C:/msys64/home/rtyng/cpp-physics-engine/build/math_core_tests.exe" "--gtest_filter=Vec3CompoundAddition.SupportsNegativeComponents" "--gtest_also_run_disabled_tests"
Directory: C:/msys64/home/rtyng/cpp-physics-engine/build
"Vec3CompoundAddition.SupportsNegativeComponents" start time: Jul 12 20:56 Eastern Daylight Time
Output:
----------------------------------------------------------
Running main() from C:/msys64/home/rtyng/cpp-physics-engine/build/_deps/googletest-src/googletest/src/gtest_main.cc
Note: Google Test filter = Vec3CompoundAddition.SupportsNegativeComponents
[==========] Running 1 test from 1 test suite.
[----------] Global test environment set-up.
[----------] 1 test from Vec3CompoundAddition
[ RUN      ] Vec3CompoundAddition.SupportsNegativeComponents
[       OK ] Vec3CompoundAddition.SupportsNegativeComponents (0 ms)
[----------] 1 test from Vec3CompoundAddition (0 ms total)

[----------] Global test environment tear-down
[==========] 1 test from 1 test suite ran. (0 ms total)
[  PASSED  ] 1 test.
<end of output>
Test time =   0.01 sec
----------------------------------------------------------
Test Passed.
"Vec3CompoundAddition.SupportsNegativeComponents" end time: Jul 12 20:56 Eastern Daylight Time
"Vec3CompoundAddition.SupportsNegativeComponents" time elapsed: 00:00:00
----------------------------------------------------------

12/49 Testing: Vec3CompoundSubtraction.SubtractsComponentsFromCurrentVector
12/49 Test: Vec3CompoundSubtraction.SubtractsComponentsFromCurrentVector
Command: "C:/msys64/home/rtyng/cpp-physics-engine/build/math_core_tests.exe" "--gtest_filter=Vec3CompoundSubtraction.SubtractsComponentsFromCurrentVector" "--gtest_also_run_disabled_tests"
Directory: C:/msys64/home/rtyng/cpp-physics-engine/build
"Vec3CompoundSubtraction.SubtractsComponentsFromCurrentVector" start time: Jul 12 20:56 Eastern Daylight Time
Output:
----------------------------------------------------------
Running main() from C:/msys64/home/rtyng/cpp-physics-engine/build/_deps/googletest-src/googletest/src/gtest_main.cc
Note: Google Test filter = Vec3CompoundSubtraction.SubtractsComponentsFromCurrentVector
[==========] Running 1 test from 1 test suite.
[----------] Global test environment set-up.
[----------] 1 test from Vec3CompoundSubtraction
[ RUN      ] Vec3CompoundSubtraction.SubtractsComponentsFromCurrentVector
[       OK ] Vec3CompoundSubtraction.SubtractsComponentsFromCurrentVector (0 ms)
[----------] 1 test from Vec3CompoundSubtraction (0 ms total)

[----------] Global test environment tear-down
[==========] 1 test from 1 test suite ran. (0 ms total)
[  PASSED  ] 1 test.
<end of output>
Test time =   0.01 sec
----------------------------------------------------------
Test Passed.
"Vec3CompoundSubtraction.SubtractsComponentsFromCurrentVector" end time: Jul 12 20:56 Eastern Daylight Time
"Vec3CompoundSubtraction.SubtractsComponentsFromCurrentVector" time elapsed: 00:00:00
----------------------------------------------------------

13/49 Testing: Vec3CompoundSubtraction.SubtractingZeroLeavesVectorUnchanged
13/49 Test: Vec3CompoundSubtraction.SubtractingZeroLeavesVectorUnchanged
Command: "C:/msys64/home/rtyng/cpp-physics-engine/build/math_core_tests.exe" "--gtest_filter=Vec3CompoundSubtraction.SubtractingZeroLeavesVectorUnchanged" "--gtest_also_run_disabled_tests"
Directory: C:/msys64/home/rtyng/cpp-physics-engine/build
"Vec3CompoundSubtraction.SubtractingZeroLeavesVectorUnchanged" start time: Jul 12 20:56 Eastern Daylight Time
Output:
----------------------------------------------------------
Running main() from C:/msys64/home/rtyng/cpp-physics-engine/build/_deps/googletest-src/googletest/src/gtest_main.cc
Note: Google Test filter = Vec3CompoundSubtraction.SubtractingZeroLeavesVectorUnchanged
[==========] Running 1 test from 1 test suite.
[----------] Global test environment set-up.
[----------] 1 test from Vec3CompoundSubtraction
[ RUN      ] Vec3CompoundSubtraction.SubtractingZeroLeavesVectorUnchanged
[       OK ] Vec3CompoundSubtraction.SubtractingZeroLeavesVectorUnchanged (0 ms)
[----------] 1 test from Vec3CompoundSubtraction (0 ms total)

[----------] Global test environment tear-down
[==========] 1 test from 1 test suite ran. (0 ms total)
[  PASSED  ] 1 test.
<end of output>
Test time =   0.01 sec
----------------------------------------------------------
Test Passed.
"Vec3CompoundSubtraction.SubtractingZeroLeavesVectorUnchanged" end time: Jul 12 20:56 Eastern Daylight Time
"Vec3CompoundSubtraction.SubtractingZeroLeavesVectorUnchanged" time elapsed: 00:00:00
----------------------------------------------------------

14/49 Testing: Vec3CompoundSubtraction.SubtractingVectorFromItselfProducesZero
14/49 Test: Vec3CompoundSubtraction.SubtractingVectorFromItselfProducesZero
Command: "C:/msys64/home/rtyng/cpp-physics-engine/build/math_core_tests.exe" "--gtest_filter=Vec3CompoundSubtraction.SubtractingVectorFromItselfProducesZero" "--gtest_also_run_disabled_tests"
Directory: C:/msys64/home/rtyng/cpp-physics-engine/build
"Vec3CompoundSubtraction.SubtractingVectorFromItselfProducesZero" start time: Jul 12 20:56 Eastern Daylight Time
Output:
----------------------------------------------------------
Running main() from C:/msys64/home/rtyng/cpp-physics-engine/build/_deps/googletest-src/googletest/src/gtest_main.cc
Note: Google Test filter = Vec3CompoundSubtraction.SubtractingVectorFromItselfProducesZero
[==========] Running 1 test from 1 test suite.
[----------] Global test environment set-up.
[----------] 1 test from Vec3CompoundSubtraction
[ RUN      ] Vec3CompoundSubtraction.SubtractingVectorFromItselfProducesZero
[       OK ] Vec3CompoundSubtraction.SubtractingVectorFromItselfProducesZero (0 ms)
[----------] 1 test from Vec3CompoundSubtraction (0 ms total)

[----------] Global test environment tear-down
[==========] 1 test from 1 test suite ran. (0 ms total)
[  PASSED  ] 1 test.
<end of output>
Test time =   0.01 sec
----------------------------------------------------------
Test Passed.
"Vec3CompoundSubtraction.SubtractingVectorFromItselfProducesZero" end time: Jul 12 20:56 Eastern Daylight Time
"Vec3CompoundSubtraction.SubtractingVectorFromItselfProducesZero" time elapsed: 00:00:00
----------------------------------------------------------

15/49 Testing: Vec3CompoundScalarMultiplication.ModifiesEveryComponent
15/49 Test: Vec3CompoundScalarMultiplication.ModifiesEveryComponent
Command: "C:/msys64/home/rtyng/cpp-physics-engine/build/math_core_tests.exe" "--gtest_filter=Vec3CompoundScalarMultiplication.ModifiesEveryComponent" "--gtest_also_run_disabled_tests"
Directory: C:/msys64/home/rtyng/cpp-physics-engine/build
"Vec3CompoundScalarMultiplication.ModifiesEveryComponent" start time: Jul 12 20:56 Eastern Daylight Time
Output:
----------------------------------------------------------
Running main() from C:/msys64/home/rtyng/cpp-physics-engine/build/_deps/googletest-src/googletest/src/gtest_main.cc
Note: Google Test filter = Vec3CompoundScalarMultiplication.ModifiesEveryComponent
[==========] Running 1 test from 1 test suite.
[----------] Global test environment set-up.
[----------] 1 test from Vec3CompoundScalarMultiplication
[ RUN      ] Vec3CompoundScalarMultiplication.ModifiesEveryComponent
[       OK ] Vec3CompoundScalarMultiplication.ModifiesEveryComponent (0 ms)
[----------] 1 test from Vec3CompoundScalarMultiplication (0 ms total)

[----------] Global test environment tear-down
[==========] 1 test from 1 test suite ran. (0 ms total)
[  PASSED  ] 1 test.
<end of output>
Test time =   0.01 sec
----------------------------------------------------------
Test Passed.
"Vec3CompoundScalarMultiplication.ModifiesEveryComponent" end time: Jul 12 20:56 Eastern Daylight Time
"Vec3CompoundScalarMultiplication.ModifiesEveryComponent" time elapsed: 00:00:00
----------------------------------------------------------

16/49 Testing: Vec3CompoundScalarMultiplication.MultiplicationByZeroClearsVector
16/49 Test: Vec3CompoundScalarMultiplication.MultiplicationByZeroClearsVector
Command: "C:/msys64/home/rtyng/cpp-physics-engine/build/math_core_tests.exe" "--gtest_filter=Vec3CompoundScalarMultiplication.MultiplicationByZeroClearsVector" "--gtest_also_run_disabled_tests"
Directory: C:/msys64/home/rtyng/cpp-physics-engine/build
"Vec3CompoundScalarMultiplication.MultiplicationByZeroClearsVector" start time: Jul 12 20:56 Eastern Daylight Time
Output:
----------------------------------------------------------
Running main() from C:/msys64/home/rtyng/cpp-physics-engine/build/_deps/googletest-src/googletest/src/gtest_main.cc
Note: Google Test filter = Vec3CompoundScalarMultiplication.MultiplicationByZeroClearsVector
[==========] Running 1 test from 1 test suite.
[----------] Global test environment set-up.
[----------] 1 test from Vec3CompoundScalarMultiplication
[ RUN      ] Vec3CompoundScalarMultiplication.MultiplicationByZeroClearsVector
[       OK ] Vec3CompoundScalarMultiplication.MultiplicationByZeroClearsVector (0 ms)
[----------] 1 test from Vec3CompoundScalarMultiplication (0 ms total)

[----------] Global test environment tear-down
[==========] 1 test from 1 test suite ran. (0 ms total)
[  PASSED  ] 1 test.
<end of output>
Test time =   0.01 sec
----------------------------------------------------------
Test Passed.
"Vec3CompoundScalarMultiplication.MultiplicationByZeroClearsVector" end time: Jul 12 20:56 Eastern Daylight Time
"Vec3CompoundScalarMultiplication.MultiplicationByZeroClearsVector" time elapsed: 00:00:00
----------------------------------------------------------

17/49 Testing: Vec3CompoundScalarMultiplication.MultiplicationByNegativeOneInvertsVector
17/49 Test: Vec3CompoundScalarMultiplication.MultiplicationByNegativeOneInvertsVector
Command: "C:/msys64/home/rtyng/cpp-physics-engine/build/math_core_tests.exe" "--gtest_filter=Vec3CompoundScalarMultiplication.MultiplicationByNegativeOneInvertsVector" "--gtest_also_run_disabled_tests"
Directory: C:/msys64/home/rtyng/cpp-physics-engine/build
"Vec3CompoundScalarMultiplication.MultiplicationByNegativeOneInvertsVector" start time: Jul 12 20:56 Eastern Daylight Time
Output:
----------------------------------------------------------
Running main() from C:/msys64/home/rtyng/cpp-physics-engine/build/_deps/googletest-src/googletest/src/gtest_main.cc
Note: Google Test filter = Vec3CompoundScalarMultiplication.MultiplicationByNegativeOneInvertsVector
[==========] Running 1 test from 1 test suite.
[----------] Global test environment set-up.
[----------] 1 test from Vec3CompoundScalarMultiplication
[ RUN      ] Vec3CompoundScalarMultiplication.MultiplicationByNegativeOneInvertsVector
[       OK ] Vec3CompoundScalarMultiplication.MultiplicationByNegativeOneInvertsVector (0 ms)
[----------] 1 test from Vec3CompoundScalarMultiplication (0 ms total)

[----------] Global test environment tear-down
[==========] 1 test from 1 test suite ran. (0 ms total)
[  PASSED  ] 1 test.
<end of output>
Test time =   0.01 sec
----------------------------------------------------------
Test Passed.
"Vec3CompoundScalarMultiplication.MultiplicationByNegativeOneInvertsVector" end time: Jul 12 20:56 Eastern Daylight Time
"Vec3CompoundScalarMultiplication.MultiplicationByNegativeOneInvertsVector" time elapsed: 00:00:00
----------------------------------------------------------

18/49 Testing: Vec3SquareMagnitude.ZeroVectorHasZeroSquareMagnitude
18/49 Test: Vec3SquareMagnitude.ZeroVectorHasZeroSquareMagnitude
Command: "C:/msys64/home/rtyng/cpp-physics-engine/build/math_core_tests.exe" "--gtest_filter=Vec3SquareMagnitude.ZeroVectorHasZeroSquareMagnitude" "--gtest_also_run_disabled_tests"
Directory: C:/msys64/home/rtyng/cpp-physics-engine/build
"Vec3SquareMagnitude.ZeroVectorHasZeroSquareMagnitude" start time: Jul 12 20:56 Eastern Daylight Time
Output:
----------------------------------------------------------
Running main() from C:/msys64/home/rtyng/cpp-physics-engine/build/_deps/googletest-src/googletest/src/gtest_main.cc
Note: Google Test filter = Vec3SquareMagnitude.ZeroVectorHasZeroSquareMagnitude
[==========] Running 1 test from 1 test suite.
[----------] Global test environment set-up.
[----------] 1 test from Vec3SquareMagnitude
[ RUN      ] Vec3SquareMagnitude.ZeroVectorHasZeroSquareMagnitude
[       OK ] Vec3SquareMagnitude.ZeroVectorHasZeroSquareMagnitude (0 ms)
[----------] 1 test from Vec3SquareMagnitude (0 ms total)

[----------] Global test environment tear-down
[==========] 1 test from 1 test suite ran. (0 ms total)
[  PASSED  ] 1 test.
<end of output>
Test time =   0.01 sec
----------------------------------------------------------
Test Passed.
"Vec3SquareMagnitude.ZeroVectorHasZeroSquareMagnitude" end time: Jul 12 20:56 Eastern Daylight Time
"Vec3SquareMagnitude.ZeroVectorHasZeroSquareMagnitude" time elapsed: 00:00:00
----------------------------------------------------------

19/49 Testing: Vec3SquareMagnitude.ComputesSumOfSquaredComponents
19/49 Test: Vec3SquareMagnitude.ComputesSumOfSquaredComponents
Command: "C:/msys64/home/rtyng/cpp-physics-engine/build/math_core_tests.exe" "--gtest_filter=Vec3SquareMagnitude.ComputesSumOfSquaredComponents" "--gtest_also_run_disabled_tests"
Directory: C:/msys64/home/rtyng/cpp-physics-engine/build
"Vec3SquareMagnitude.ComputesSumOfSquaredComponents" start time: Jul 12 20:56 Eastern Daylight Time
Output:
----------------------------------------------------------
Running main() from C:/msys64/home/rtyng/cpp-physics-engine/build/_deps/googletest-src/googletest/src/gtest_main.cc
Note: Google Test filter = Vec3SquareMagnitude.ComputesSumOfSquaredComponents
[==========] Running 1 test from 1 test suite.
[----------] Global test environment set-up.
[----------] 1 test from Vec3SquareMagnitude
[ RUN      ] Vec3SquareMagnitude.ComputesSumOfSquaredComponents
[       OK ] Vec3SquareMagnitude.ComputesSumOfSquaredComponents (0 ms)
[----------] 1 test from Vec3SquareMagnitude (0 ms total)

[----------] Global test environment tear-down
[==========] 1 test from 1 test suite ran. (0 ms total)
[  PASSED  ] 1 test.
<end of output>
Test time =   0.01 sec
----------------------------------------------------------
Test Passed.
"Vec3SquareMagnitude.ComputesSumOfSquaredComponents" end time: Jul 12 20:56 Eastern Daylight Time
"Vec3SquareMagnitude.ComputesSumOfSquaredComponents" time elapsed: 00:00:00
----------------------------------------------------------

20/49 Testing: Vec3SquareMagnitude.IsUnaffectedByComponentSigns
20/49 Test: Vec3SquareMagnitude.IsUnaffectedByComponentSigns
Command: "C:/msys64/home/rtyng/cpp-physics-engine/build/math_core_tests.exe" "--gtest_filter=Vec3SquareMagnitude.IsUnaffectedByComponentSigns" "--gtest_also_run_disabled_tests"
Directory: C:/msys64/home/rtyng/cpp-physics-engine/build
"Vec3SquareMagnitude.IsUnaffectedByComponentSigns" start time: Jul 12 20:56 Eastern Daylight Time
Output:
----------------------------------------------------------
Running main() from C:/msys64/home/rtyng/cpp-physics-engine/build/_deps/googletest-src/googletest/src/gtest_main.cc
Note: Google Test filter = Vec3SquareMagnitude.IsUnaffectedByComponentSigns
[==========] Running 1 test from 1 test suite.
[----------] Global test environment set-up.
[----------] 1 test from Vec3SquareMagnitude
[ RUN      ] Vec3SquareMagnitude.IsUnaffectedByComponentSigns
[       OK ] Vec3SquareMagnitude.IsUnaffectedByComponentSigns (0 ms)
[----------] 1 test from Vec3SquareMagnitude (0 ms total)

[----------] Global test environment tear-down
[==========] 1 test from 1 test suite ran. (0 ms total)
[  PASSED  ] 1 test.
<end of output>
Test time =   0.01 sec
----------------------------------------------------------
Test Passed.
"Vec3SquareMagnitude.IsUnaffectedByComponentSigns" end time: Jul 12 20:56 Eastern Daylight Time
"Vec3SquareMagnitude.IsUnaffectedByComponentSigns" time elapsed: 00:00:00
----------------------------------------------------------

21/49 Testing: Vec3SquareMagnitude.DoesNotModifyVector
21/49 Test: Vec3SquareMagnitude.DoesNotModifyVector
Command: "C:/msys64/home/rtyng/cpp-physics-engine/build/math_core_tests.exe" "--gtest_filter=Vec3SquareMagnitude.DoesNotModifyVector" "--gtest_also_run_disabled_tests"
Directory: C:/msys64/home/rtyng/cpp-physics-engine/build
"Vec3SquareMagnitude.DoesNotModifyVector" start time: Jul 12 20:56 Eastern Daylight Time
Output:
----------------------------------------------------------
Running main() from C:/msys64/home/rtyng/cpp-physics-engine/build/_deps/googletest-src/googletest/src/gtest_main.cc
Note: Google Test filter = Vec3SquareMagnitude.DoesNotModifyVector
[==========] Running 1 test from 1 test suite.
[----------] Global test environment set-up.
[----------] 1 test from Vec3SquareMagnitude
[ RUN      ] Vec3SquareMagnitude.DoesNotModifyVector
[       OK ] Vec3SquareMagnitude.DoesNotModifyVector (0 ms)
[----------] 1 test from Vec3SquareMagnitude (0 ms total)

[----------] Global test environment tear-down
[==========] 1 test from 1 test suite ran. (0 ms total)
[  PASSED  ] 1 test.
<end of output>
Test time =   0.01 sec
----------------------------------------------------------
Test Passed.
"Vec3SquareMagnitude.DoesNotModifyVector" end time: Jul 12 20:56 Eastern Daylight Time
"Vec3SquareMagnitude.DoesNotModifyVector" time elapsed: 00:00:00
----------------------------------------------------------

22/49 Testing: Vec3Magnitude.ZeroVectorHasZeroMagnitude
22/49 Test: Vec3Magnitude.ZeroVectorHasZeroMagnitude
Command: "C:/msys64/home/rtyng/cpp-physics-engine/build/math_core_tests.exe" "--gtest_filter=Vec3Magnitude.ZeroVectorHasZeroMagnitude" "--gtest_also_run_disabled_tests"
Directory: C:/msys64/home/rtyng/cpp-physics-engine/build
"Vec3Magnitude.ZeroVectorHasZeroMagnitude" start time: Jul 12 20:56 Eastern Daylight Time
Output:
----------------------------------------------------------
Running main() from C:/msys64/home/rtyng/cpp-physics-engine/build/_deps/googletest-src/googletest/src/gtest_main.cc
Note: Google Test filter = Vec3Magnitude.ZeroVectorHasZeroMagnitude
[==========] Running 1 test from 1 test suite.
[----------] Global test environment set-up.
[----------] 1 test from Vec3Magnitude
[ RUN      ] Vec3Magnitude.ZeroVectorHasZeroMagnitude
[       OK ] Vec3Magnitude.ZeroVectorHasZeroMagnitude (0 ms)
[----------] 1 test from Vec3Magnitude (0 ms total)

[----------] Global test environment tear-down
[==========] 1 test from 1 test suite ran. (0 ms total)
[  PASSED  ] 1 test.
<end of output>
Test time =   0.01 sec
----------------------------------------------------------
Test Passed.
"Vec3Magnitude.ZeroVectorHasZeroMagnitude" end time: Jul 12 20:56 Eastern Daylight Time
"Vec3Magnitude.ZeroVectorHasZeroMagnitude" time elapsed: 00:00:00
----------------------------------------------------------

23/49 Testing: Vec3Magnitude.ComputesKnownThreeFourFiveMagnitude
23/49 Test: Vec3Magnitude.ComputesKnownThreeFourFiveMagnitude
Command: "C:/msys64/home/rtyng/cpp-physics-engine/build/math_core_tests.exe" "--gtest_filter=Vec3Magnitude.ComputesKnownThreeFourFiveMagnitude" "--gtest_also_run_disabled_tests"
Directory: C:/msys64/home/rtyng/cpp-physics-engine/build
"Vec3Magnitude.ComputesKnownThreeFourFiveMagnitude" start time: Jul 12 20:56 Eastern Daylight Time
Output:
----------------------------------------------------------
Running main() from C:/msys64/home/rtyng/cpp-physics-engine/build/_deps/googletest-src/googletest/src/gtest_main.cc
Note: Google Test filter = Vec3Magnitude.ComputesKnownThreeFourFiveMagnitude
[==========] Running 1 test from 1 test suite.
[----------] Global test environment set-up.
[----------] 1 test from Vec3Magnitude
[ RUN      ] Vec3Magnitude.ComputesKnownThreeFourFiveMagnitude
[       OK ] Vec3Magnitude.ComputesKnownThreeFourFiveMagnitude (0 ms)
[----------] 1 test from Vec3Magnitude (0 ms total)

[----------] Global test environment tear-down
[==========] 1 test from 1 test suite ran. (0 ms total)
[  PASSED  ] 1 test.
<end of output>
Test time =   0.01 sec
----------------------------------------------------------
Test Passed.
"Vec3Magnitude.ComputesKnownThreeFourFiveMagnitude" end time: Jul 12 20:56 Eastern Daylight Time
"Vec3Magnitude.ComputesKnownThreeFourFiveMagnitude" time elapsed: 00:00:00
----------------------------------------------------------

24/49 Testing: Vec3Magnitude.ComputesMagnitudeUsingAllThreeComponents
24/49 Test: Vec3Magnitude.ComputesMagnitudeUsingAllThreeComponents
Command: "C:/msys64/home/rtyng/cpp-physics-engine/build/math_core_tests.exe" "--gtest_filter=Vec3Magnitude.ComputesMagnitudeUsingAllThreeComponents" "--gtest_also_run_disabled_tests"
Directory: C:/msys64/home/rtyng/cpp-physics-engine/build
"Vec3Magnitude.ComputesMagnitudeUsingAllThreeComponents" start time: Jul 12 20:56 Eastern Daylight Time
Output:
----------------------------------------------------------
Running main() from C:/msys64/home/rtyng/cpp-physics-engine/build/_deps/googletest-src/googletest/src/gtest_main.cc
Note: Google Test filter = Vec3Magnitude.ComputesMagnitudeUsingAllThreeComponents
[==========] Running 1 test from 1 test suite.
[----------] Global test environment set-up.
[----------] 1 test from Vec3Magnitude
[ RUN      ] Vec3Magnitude.ComputesMagnitudeUsingAllThreeComponents
[       OK ] Vec3Magnitude.ComputesMagnitudeUsingAllThreeComponents (0 ms)
[----------] 1 test from Vec3Magnitude (0 ms total)

[----------] Global test environment tear-down
[==========] 1 test from 1 test suite ran. (0 ms total)
[  PASSED  ] 1 test.
<end of output>
Test time =   0.01 sec
----------------------------------------------------------
Test Passed.
"Vec3Magnitude.ComputesMagnitudeUsingAllThreeComponents" end time: Jul 12 20:56 Eastern Daylight Time
"Vec3Magnitude.ComputesMagnitudeUsingAllThreeComponents" time elapsed: 00:00:00
----------------------------------------------------------

25/49 Testing: Vec3Magnitude.IsUnaffectedByComponentSigns
25/49 Test: Vec3Magnitude.IsUnaffectedByComponentSigns
Command: "C:/msys64/home/rtyng/cpp-physics-engine/build/math_core_tests.exe" "--gtest_filter=Vec3Magnitude.IsUnaffectedByComponentSigns" "--gtest_also_run_disabled_tests"
Directory: C:/msys64/home/rtyng/cpp-physics-engine/build
"Vec3Magnitude.IsUnaffectedByComponentSigns" start time: Jul 12 20:56 Eastern Daylight Time
Output:
----------------------------------------------------------
Running main() from C:/msys64/home/rtyng/cpp-physics-engine/build/_deps/googletest-src/googletest/src/gtest_main.cc
Note: Google Test filter = Vec3Magnitude.IsUnaffectedByComponentSigns
[==========] Running 1 test from 1 test suite.
[----------] Global test environment set-up.
[----------] 1 test from Vec3Magnitude
[ RUN      ] Vec3Magnitude.IsUnaffectedByComponentSigns
[       OK ] Vec3Magnitude.IsUnaffectedByComponentSigns (0 ms)
[----------] 1 test from Vec3Magnitude (0 ms total)

[----------] Global test environment tear-down
[==========] 1 test from 1 test suite ran. (0 ms total)
[  PASSED  ] 1 test.
<end of output>
Test time =   0.01 sec
----------------------------------------------------------
Test Passed.
"Vec3Magnitude.IsUnaffectedByComponentSigns" end time: Jul 12 20:56 Eastern Daylight Time
"Vec3Magnitude.IsUnaffectedByComponentSigns" time elapsed: 00:00:00
----------------------------------------------------------

26/49 Testing: Vec3Magnitude.MatchesSquareRootOfSquareMagnitude
26/49 Test: Vec3Magnitude.MatchesSquareRootOfSquareMagnitude
Command: "C:/msys64/home/rtyng/cpp-physics-engine/build/math_core_tests.exe" "--gtest_filter=Vec3Magnitude.MatchesSquareRootOfSquareMagnitude" "--gtest_also_run_disabled_tests"
Directory: C:/msys64/home/rtyng/cpp-physics-engine/build
"Vec3Magnitude.MatchesSquareRootOfSquareMagnitude" start time: Jul 12 20:56 Eastern Daylight Time
Output:
----------------------------------------------------------
Running main() from C:/msys64/home/rtyng/cpp-physics-engine/build/_deps/googletest-src/googletest/src/gtest_main.cc
Note: Google Test filter = Vec3Magnitude.MatchesSquareRootOfSquareMagnitude
[==========] Running 1 test from 1 test suite.
[----------] Global test environment set-up.
[----------] 1 test from Vec3Magnitude
[ RUN      ] Vec3Magnitude.MatchesSquareRootOfSquareMagnitude
[       OK ] Vec3Magnitude.MatchesSquareRootOfSquareMagnitude (0 ms)
[----------] 1 test from Vec3Magnitude (0 ms total)

[----------] Global test environment tear-down
[==========] 1 test from 1 test suite ran. (0 ms total)
[  PASSED  ] 1 test.
<end of output>
Test time =   0.01 sec
----------------------------------------------------------
Test Passed.
"Vec3Magnitude.MatchesSquareRootOfSquareMagnitude" end time: Jul 12 20:56 Eastern Daylight Time
"Vec3Magnitude.MatchesSquareRootOfSquareMagnitude" time elapsed: 00:00:00
----------------------------------------------------------

27/49 Testing: Vec3Magnitude.DoesNotModifyVector
27/49 Test: Vec3Magnitude.DoesNotModifyVector
Command: "C:/msys64/home/rtyng/cpp-physics-engine/build/math_core_tests.exe" "--gtest_filter=Vec3Magnitude.DoesNotModifyVector" "--gtest_also_run_disabled_tests"
Directory: C:/msys64/home/rtyng/cpp-physics-engine/build
"Vec3Magnitude.DoesNotModifyVector" start time: Jul 12 20:56 Eastern Daylight Time
Output:
----------------------------------------------------------
Running main() from C:/msys64/home/rtyng/cpp-physics-engine/build/_deps/googletest-src/googletest/src/gtest_main.cc
Note: Google Test filter = Vec3Magnitude.DoesNotModifyVector
[==========] Running 1 test from 1 test suite.
[----------] Global test environment set-up.
[----------] 1 test from Vec3Magnitude
[ RUN      ] Vec3Magnitude.DoesNotModifyVector
[       OK ] Vec3Magnitude.DoesNotModifyVector (0 ms)
[----------] 1 test from Vec3Magnitude (0 ms total)

[----------] Global test environment tear-down
[==========] 1 test from 1 test suite ran. (0 ms total)
[  PASSED  ] 1 test.
<end of output>
Test time =   0.01 sec
----------------------------------------------------------
Test Passed.
"Vec3Magnitude.DoesNotModifyVector" end time: Jul 12 20:56 Eastern Daylight Time
"Vec3Magnitude.DoesNotModifyVector" time elapsed: 00:00:00
----------------------------------------------------------

28/49 Testing: Vec3Normalize.ProducesUnitLengthVector
28/49 Test: Vec3Normalize.ProducesUnitLengthVector
Command: "C:/msys64/home/rtyng/cpp-physics-engine/build/math_core_tests.exe" "--gtest_filter=Vec3Normalize.ProducesUnitLengthVector" "--gtest_also_run_disabled_tests"
Directory: C:/msys64/home/rtyng/cpp-physics-engine/build
"Vec3Normalize.ProducesUnitLengthVector" start time: Jul 12 20:56 Eastern Daylight Time
Output:
----------------------------------------------------------
Running main() from C:/msys64/home/rtyng/cpp-physics-engine/build/_deps/googletest-src/googletest/src/gtest_main.cc
Note: Google Test filter = Vec3Normalize.ProducesUnitLengthVector
[==========] Running 1 test from 1 test suite.
[----------] Global test environment set-up.
[----------] 1 test from Vec3Normalize
[ RUN      ] Vec3Normalize.ProducesUnitLengthVector
[       OK ] Vec3Normalize.ProducesUnitLengthVector (0 ms)
[----------] 1 test from Vec3Normalize (0 ms total)

[----------] Global test environment tear-down
[==========] 1 test from 1 test suite ran. (0 ms total)
[  PASSED  ] 1 test.
<end of output>
Test time =   0.01 sec
----------------------------------------------------------
Test Passed.
"Vec3Normalize.ProducesUnitLengthVector" end time: Jul 12 20:56 Eastern Daylight Time
"Vec3Normalize.ProducesUnitLengthVector" time elapsed: 00:00:00
----------------------------------------------------------

29/49 Testing: Vec3Normalize.ProducesExpectedComponents
29/49 Test: Vec3Normalize.ProducesExpectedComponents
Command: "C:/msys64/home/rtyng/cpp-physics-engine/build/math_core_tests.exe" "--gtest_filter=Vec3Normalize.ProducesExpectedComponents" "--gtest_also_run_disabled_tests"
Directory: C:/msys64/home/rtyng/cpp-physics-engine/build
"Vec3Normalize.ProducesExpectedComponents" start time: Jul 12 20:56 Eastern Daylight Time
Output:
----------------------------------------------------------
Running main() from C:/msys64/home/rtyng/cpp-physics-engine/build/_deps/googletest-src/googletest/src/gtest_main.cc
Note: Google Test filter = Vec3Normalize.ProducesExpectedComponents
[==========] Running 1 test from 1 test suite.
[----------] Global test environment set-up.
[----------] 1 test from Vec3Normalize
[ RUN      ] Vec3Normalize.ProducesExpectedComponents
[       OK ] Vec3Normalize.ProducesExpectedComponents (0 ms)
[----------] 1 test from Vec3Normalize (0 ms total)

[----------] Global test environment tear-down
[==========] 1 test from 1 test suite ran. (0 ms total)
[  PASSED  ] 1 test.
<end of output>
Test time =   0.01 sec
----------------------------------------------------------
Test Passed.
"Vec3Normalize.ProducesExpectedComponents" end time: Jul 12 20:56 Eastern Daylight Time
"Vec3Normalize.ProducesExpectedComponents" time elapsed: 00:00:00
----------------------------------------------------------

30/49 Testing: Vec3Normalize.PreservesDirectionForNegativeComponents
30/49 Test: Vec3Normalize.PreservesDirectionForNegativeComponents
Command: "C:/msys64/home/rtyng/cpp-physics-engine/build/math_core_tests.exe" "--gtest_filter=Vec3Normalize.PreservesDirectionForNegativeComponents" "--gtest_also_run_disabled_tests"
Directory: C:/msys64/home/rtyng/cpp-physics-engine/build
"Vec3Normalize.PreservesDirectionForNegativeComponents" start time: Jul 12 20:56 Eastern Daylight Time
Output:
----------------------------------------------------------
Running main() from C:/msys64/home/rtyng/cpp-physics-engine/build/_deps/googletest-src/googletest/src/gtest_main.cc
Note: Google Test filter = Vec3Normalize.PreservesDirectionForNegativeComponents
[==========] Running 1 test from 1 test suite.
[----------] Global test environment set-up.
[----------] 1 test from Vec3Normalize
[ RUN      ] Vec3Normalize.PreservesDirectionForNegativeComponents
[       OK ] Vec3Normalize.PreservesDirectionForNegativeComponents (0 ms)
[----------] 1 test from Vec3Normalize (0 ms total)

[----------] Global test environment tear-down
[==========] 1 test from 1 test suite ran. (0 ms total)
[  PASSED  ] 1 test.
<end of output>
Test time =   0.01 sec
----------------------------------------------------------
Test Passed.
"Vec3Normalize.PreservesDirectionForNegativeComponents" end time: Jul 12 20:56 Eastern Daylight Time
"Vec3Normalize.PreservesDirectionForNegativeComponents" time elapsed: 00:00:00
----------------------------------------------------------

31/49 Testing: Vec3Normalize.LeavesZeroVectorUnchanged
31/49 Test: Vec3Normalize.LeavesZeroVectorUnchanged
Command: "C:/msys64/home/rtyng/cpp-physics-engine/build/math_core_tests.exe" "--gtest_filter=Vec3Normalize.LeavesZeroVectorUnchanged" "--gtest_also_run_disabled_tests"
Directory: C:/msys64/home/rtyng/cpp-physics-engine/build
"Vec3Normalize.LeavesZeroVectorUnchanged" start time: Jul 12 20:56 Eastern Daylight Time
Output:
----------------------------------------------------------
Running main() from C:/msys64/home/rtyng/cpp-physics-engine/build/_deps/googletest-src/googletest/src/gtest_main.cc
Note: Google Test filter = Vec3Normalize.LeavesZeroVectorUnchanged
[==========] Running 1 test from 1 test suite.
[----------] Global test environment set-up.
[----------] 1 test from Vec3Normalize
[ RUN      ] Vec3Normalize.LeavesZeroVectorUnchanged
[       OK ] Vec3Normalize.LeavesZeroVectorUnchanged (0 ms)
[----------] 1 test from Vec3Normalize (0 ms total)

[----------] Global test environment tear-down
[==========] 1 test from 1 test suite ran. (0 ms total)
[  PASSED  ] 1 test.
<end of output>
Test time =   0.01 sec
----------------------------------------------------------
Test Passed.
"Vec3Normalize.LeavesZeroVectorUnchanged" end time: Jul 12 20:56 Eastern Daylight Time
"Vec3Normalize.LeavesZeroVectorUnchanged" time elapsed: 00:00:00
----------------------------------------------------------

32/49 Testing: Vec3Normalize.LeavesUnitVectorUnchanged
32/49 Test: Vec3Normalize.LeavesUnitVectorUnchanged
Command: "C:/msys64/home/rtyng/cpp-physics-engine/build/math_core_tests.exe" "--gtest_filter=Vec3Normalize.LeavesUnitVectorUnchanged" "--gtest_also_run_disabled_tests"
Directory: C:/msys64/home/rtyng/cpp-physics-engine/build
"Vec3Normalize.LeavesUnitVectorUnchanged" start time: Jul 12 20:56 Eastern Daylight Time
Output:
----------------------------------------------------------
Running main() from C:/msys64/home/rtyng/cpp-physics-engine/build/_deps/googletest-src/googletest/src/gtest_main.cc
Note: Google Test filter = Vec3Normalize.LeavesUnitVectorUnchanged
[==========] Running 1 test from 1 test suite.
[----------] Global test environment set-up.
[----------] 1 test from Vec3Normalize
[ RUN      ] Vec3Normalize.LeavesUnitVectorUnchanged
[       OK ] Vec3Normalize.LeavesUnitVectorUnchanged (0 ms)
[----------] 1 test from Vec3Normalize (0 ms total)

[----------] Global test environment tear-down
[==========] 1 test from 1 test suite ran. (0 ms total)
[  PASSED  ] 1 test.
<end of output>
Test time =   0.01 sec
----------------------------------------------------------
Test Passed.
"Vec3Normalize.LeavesUnitVectorUnchanged" end time: Jul 12 20:56 Eastern Daylight Time
"Vec3Normalize.LeavesUnitVectorUnchanged" time elapsed: 00:00:00
----------------------------------------------------------

33/49 Testing: Vec3Normalize.NormalizingTwiceProducesSameResult
33/49 Test: Vec3Normalize.NormalizingTwiceProducesSameResult
Command: "C:/msys64/home/rtyng/cpp-physics-engine/build/math_core_tests.exe" "--gtest_filter=Vec3Normalize.NormalizingTwiceProducesSameResult" "--gtest_also_run_disabled_tests"
Directory: C:/msys64/home/rtyng/cpp-physics-engine/build
"Vec3Normalize.NormalizingTwiceProducesSameResult" start time: Jul 12 20:56 Eastern Daylight Time
Output:
----------------------------------------------------------
Running main() from C:/msys64/home/rtyng/cpp-physics-engine/build/_deps/googletest-src/googletest/src/gtest_main.cc
Note: Google Test filter = Vec3Normalize.NormalizingTwiceProducesSameResult
[==========] Running 1 test from 1 test suite.
[----------] Global test environment set-up.
[----------] 1 test from Vec3Normalize
[ RUN      ] Vec3Normalize.NormalizingTwiceProducesSameResult
[       OK ] Vec3Normalize.NormalizingTwiceProducesSameResult (0 ms)
[----------] 1 test from Vec3Normalize (0 ms total)

[----------] Global test environment tear-down
[==========] 1 test from 1 test suite ran. (0 ms total)
[  PASSED  ] 1 test.
<end of output>
Test time =   0.01 sec
----------------------------------------------------------
Test Passed.
"Vec3Normalize.NormalizingTwiceProducesSameResult" end time: Jul 12 20:56 Eastern Daylight Time
"Vec3Normalize.NormalizingTwiceProducesSameResult" time elapsed: 00:00:00
----------------------------------------------------------

34/49 Testing: Vec3Unit.ReturnsNormalizedCopy
34/49 Test: Vec3Unit.ReturnsNormalizedCopy
Command: "C:/msys64/home/rtyng/cpp-physics-engine/build/math_core_tests.exe" "--gtest_filter=Vec3Unit.ReturnsNormalizedCopy" "--gtest_also_run_disabled_tests"
Directory: C:/msys64/home/rtyng/cpp-physics-engine/build
"Vec3Unit.ReturnsNormalizedCopy" start time: Jul 12 20:56 Eastern Daylight Time
Output:
----------------------------------------------------------
Running main() from C:/msys64/home/rtyng/cpp-physics-engine/build/_deps/googletest-src/googletest/src/gtest_main.cc
Note: Google Test filter = Vec3Unit.ReturnsNormalizedCopy
[==========] Running 1 test from 1 test suite.
[----------] Global test environment set-up.
[----------] 1 test from Vec3Unit
[ RUN      ] Vec3Unit.ReturnsNormalizedCopy
[       OK ] Vec3Unit.ReturnsNormalizedCopy (0 ms)
[----------] 1 test from Vec3Unit (0 ms total)

[----------] Global test environment tear-down
[==========] 1 test from 1 test suite ran. (0 ms total)
[  PASSED  ] 1 test.
<end of output>
Test time =   0.01 sec
----------------------------------------------------------
Test Passed.
"Vec3Unit.ReturnsNormalizedCopy" end time: Jul 12 20:56 Eastern Daylight Time
"Vec3Unit.ReturnsNormalizedCopy" time elapsed: 00:00:00
----------------------------------------------------------

35/49 Testing: Vec3Unit.DoesNotModifyOriginalVector
35/49 Test: Vec3Unit.DoesNotModifyOriginalVector
Command: "C:/msys64/home/rtyng/cpp-physics-engine/build/math_core_tests.exe" "--gtest_filter=Vec3Unit.DoesNotModifyOriginalVector" "--gtest_also_run_disabled_tests"
Directory: C:/msys64/home/rtyng/cpp-physics-engine/build
"Vec3Unit.DoesNotModifyOriginalVector" start time: Jul 12 20:56 Eastern Daylight Time
Output:
----------------------------------------------------------
Running main() from C:/msys64/home/rtyng/cpp-physics-engine/build/_deps/googletest-src/googletest/src/gtest_main.cc
Note: Google Test filter = Vec3Unit.DoesNotModifyOriginalVector
[==========] Running 1 test from 1 test suite.
[----------] Global test environment set-up.
[----------] 1 test from Vec3Unit
[ RUN      ] Vec3Unit.DoesNotModifyOriginalVector
[       OK ] Vec3Unit.DoesNotModifyOriginalVector (0 ms)
[----------] 1 test from Vec3Unit (0 ms total)

[----------] Global test environment tear-down
[==========] 1 test from 1 test suite ran. (0 ms total)
[  PASSED  ] 1 test.
<end of output>
Test time =   0.01 sec
----------------------------------------------------------
Test Passed.
"Vec3Unit.DoesNotModifyOriginalVector" end time: Jul 12 20:56 Eastern Daylight Time
"Vec3Unit.DoesNotModifyOriginalVector" time elapsed: 00:00:00
----------------------------------------------------------

36/49 Testing: Vec3Unit.ReturnsZeroForZeroVector
36/49 Test: Vec3Unit.ReturnsZeroForZeroVector
Command: "C:/msys64/home/rtyng/cpp-physics-engine/build/math_core_tests.exe" "--gtest_filter=Vec3Unit.ReturnsZeroForZeroVector" "--gtest_also_run_disabled_tests"
Directory: C:/msys64/home/rtyng/cpp-physics-engine/build
"Vec3Unit.ReturnsZeroForZeroVector" start time: Jul 12 20:56 Eastern Daylight Time
Output:
----------------------------------------------------------
Running main() from C:/msys64/home/rtyng/cpp-physics-engine/build/_deps/googletest-src/googletest/src/gtest_main.cc
Note: Google Test filter = Vec3Unit.ReturnsZeroForZeroVector
[==========] Running 1 test from 1 test suite.
[----------] Global test environment set-up.
[----------] 1 test from Vec3Unit
[ RUN      ] Vec3Unit.ReturnsZeroForZeroVector
[       OK ] Vec3Unit.ReturnsZeroForZeroVector (0 ms)
[----------] 1 test from Vec3Unit (0 ms total)

[----------] Global test environment tear-down
[==========] 1 test from 1 test suite ran. (0 ms total)
[  PASSED  ] 1 test.
<end of output>
Test time =   0.02 sec
----------------------------------------------------------
Test Passed.
"Vec3Unit.ReturnsZeroForZeroVector" end time: Jul 12 20:56 Eastern Daylight Time
"Vec3Unit.ReturnsZeroForZeroVector" time elapsed: 00:00:00
----------------------------------------------------------

37/49 Testing: Vec3Unit.ReturnsEquivalentCopyForUnitVector
37/49 Test: Vec3Unit.ReturnsEquivalentCopyForUnitVector
Command: "C:/msys64/home/rtyng/cpp-physics-engine/build/math_core_tests.exe" "--gtest_filter=Vec3Unit.ReturnsEquivalentCopyForUnitVector" "--gtest_also_run_disabled_tests"
Directory: C:/msys64/home/rtyng/cpp-physics-engine/build
"Vec3Unit.ReturnsEquivalentCopyForUnitVector" start time: Jul 12 20:56 Eastern Daylight Time
Output:
----------------------------------------------------------
Running main() from C:/msys64/home/rtyng/cpp-physics-engine/build/_deps/googletest-src/googletest/src/gtest_main.cc
Note: Google Test filter = Vec3Unit.ReturnsEquivalentCopyForUnitVector
[==========] Running 1 test from 1 test suite.
[----------] Global test environment set-up.
[----------] 1 test from Vec3Unit
[ RUN      ] Vec3Unit.ReturnsEquivalentCopyForUnitVector
[       OK ] Vec3Unit.ReturnsEquivalentCopyForUnitVector (0 ms)
[----------] 1 test from Vec3Unit (0 ms total)

[----------] Global test environment tear-down
[==========] 1 test from 1 test suite ran. (0 ms total)
[  PASSED  ] 1 test.
<end of output>
Test time =   0.01 sec
----------------------------------------------------------
Test Passed.
"Vec3Unit.ReturnsEquivalentCopyForUnitVector" end time: Jul 12 20:56 Eastern Daylight Time
"Vec3Unit.ReturnsEquivalentCopyForUnitVector" time elapsed: 00:00:00
----------------------------------------------------------

38/49 Testing: Vec3Clear.ResetsAllComponentsToZero
38/49 Test: Vec3Clear.ResetsAllComponentsToZero
Command: "C:/msys64/home/rtyng/cpp-physics-engine/build/math_core_tests.exe" "--gtest_filter=Vec3Clear.ResetsAllComponentsToZero" "--gtest_also_run_disabled_tests"
Directory: C:/msys64/home/rtyng/cpp-physics-engine/build
"Vec3Clear.ResetsAllComponentsToZero" start time: Jul 12 20:56 Eastern Daylight Time
Output:
----------------------------------------------------------
Running main() from C:/msys64/home/rtyng/cpp-physics-engine/build/_deps/googletest-src/googletest/src/gtest_main.cc
Note: Google Test filter = Vec3Clear.ResetsAllComponentsToZero
[==========] Running 1 test from 1 test suite.
[----------] Global test environment set-up.
[----------] 1 test from Vec3Clear
[ RUN      ] Vec3Clear.ResetsAllComponentsToZero
[       OK ] Vec3Clear.ResetsAllComponentsToZero (0 ms)
[----------] 1 test from Vec3Clear (0 ms total)

[----------] Global test environment tear-down
[==========] 1 test from 1 test suite ran. (0 ms total)
[  PASSED  ] 1 test.
<end of output>
Test time =   0.01 sec
----------------------------------------------------------
Test Passed.
"Vec3Clear.ResetsAllComponentsToZero" end time: Jul 12 20:56 Eastern Daylight Time
"Vec3Clear.ResetsAllComponentsToZero" time elapsed: 00:00:00
----------------------------------------------------------

39/49 Testing: Vec3Clear.LeavesZeroVectorAtZero
39/49 Test: Vec3Clear.LeavesZeroVectorAtZero
Command: "C:/msys64/home/rtyng/cpp-physics-engine/build/math_core_tests.exe" "--gtest_filter=Vec3Clear.LeavesZeroVectorAtZero" "--gtest_also_run_disabled_tests"
Directory: C:/msys64/home/rtyng/cpp-physics-engine/build
"Vec3Clear.LeavesZeroVectorAtZero" start time: Jul 12 20:56 Eastern Daylight Time
Output:
----------------------------------------------------------
Running main() from C:/msys64/home/rtyng/cpp-physics-engine/build/_deps/googletest-src/googletest/src/gtest_main.cc
Note: Google Test filter = Vec3Clear.LeavesZeroVectorAtZero
[==========] Running 1 test from 1 test suite.
[----------] Global test environment set-up.
[----------] 1 test from Vec3Clear
[ RUN      ] Vec3Clear.LeavesZeroVectorAtZero
[       OK ] Vec3Clear.LeavesZeroVectorAtZero (0 ms)
[----------] 1 test from Vec3Clear (0 ms total)

[----------] Global test environment tear-down
[==========] 1 test from 1 test suite ran. (0 ms total)
[  PASSED  ] 1 test.
<end of output>
Test time =   0.01 sec
----------------------------------------------------------
Test Passed.
"Vec3Clear.LeavesZeroVectorAtZero" end time: Jul 12 20:56 Eastern Daylight Time
"Vec3Clear.LeavesZeroVectorAtZero" time elapsed: 00:00:00
----------------------------------------------------------

40/49 Testing: Vec3Clear.ProducesZeroMagnitude
40/49 Test: Vec3Clear.ProducesZeroMagnitude
Command: "C:/msys64/home/rtyng/cpp-physics-engine/build/math_core_tests.exe" "--gtest_filter=Vec3Clear.ProducesZeroMagnitude" "--gtest_also_run_disabled_tests"
Directory: C:/msys64/home/rtyng/cpp-physics-engine/build
"Vec3Clear.ProducesZeroMagnitude" start time: Jul 12 20:56 Eastern Daylight Time
Output:
----------------------------------------------------------
Running main() from C:/msys64/home/rtyng/cpp-physics-engine/build/_deps/googletest-src/googletest/src/gtest_main.cc
Note: Google Test filter = Vec3Clear.ProducesZeroMagnitude
[==========] Running 1 test from 1 test suite.
[----------] Global test environment set-up.
[----------] 1 test from Vec3Clear
[ RUN      ] Vec3Clear.ProducesZeroMagnitude
[       OK ] Vec3Clear.ProducesZeroMagnitude (0 ms)
[----------] 1 test from Vec3Clear (0 ms total)

[----------] Global test environment tear-down
[==========] 1 test from 1 test suite ran. (0 ms total)
[  PASSED  ] 1 test.
<end of output>
Test time =   0.01 sec
----------------------------------------------------------
Test Passed.
"Vec3Clear.ProducesZeroMagnitude" end time: Jul 12 20:56 Eastern Daylight Time
"Vec3Clear.ProducesZeroMagnitude" time elapsed: 00:00:00
----------------------------------------------------------

41/49 Testing: Vec3Invert.NegatesEveryComponent
41/49 Test: Vec3Invert.NegatesEveryComponent
Command: "C:/msys64/home/rtyng/cpp-physics-engine/build/math_core_tests.exe" "--gtest_filter=Vec3Invert.NegatesEveryComponent" "--gtest_also_run_disabled_tests"
Directory: C:/msys64/home/rtyng/cpp-physics-engine/build
"Vec3Invert.NegatesEveryComponent" start time: Jul 12 20:56 Eastern Daylight Time
Output:
----------------------------------------------------------
Running main() from C:/msys64/home/rtyng/cpp-physics-engine/build/_deps/googletest-src/googletest/src/gtest_main.cc
Note: Google Test filter = Vec3Invert.NegatesEveryComponent
[==========] Running 1 test from 1 test suite.
[----------] Global test environment set-up.
[----------] 1 test from Vec3Invert
[ RUN      ] Vec3Invert.NegatesEveryComponent
[       OK ] Vec3Invert.NegatesEveryComponent (0 ms)
[----------] 1 test from Vec3Invert (0 ms total)

[----------] Global test environment tear-down
[==========] 1 test from 1 test suite ran. (0 ms total)
[  PASSED  ] 1 test.
<end of output>
Test time =   0.01 sec
----------------------------------------------------------
Test Passed.
"Vec3Invert.NegatesEveryComponent" end time: Jul 12 20:56 Eastern Daylight Time
"Vec3Invert.NegatesEveryComponent" time elapsed: 00:00:00
----------------------------------------------------------

42/49 Testing: Vec3Invert.LeavesZeroVectorUnchanged
42/49 Test: Vec3Invert.LeavesZeroVectorUnchanged
Command: "C:/msys64/home/rtyng/cpp-physics-engine/build/math_core_tests.exe" "--gtest_filter=Vec3Invert.LeavesZeroVectorUnchanged" "--gtest_also_run_disabled_tests"
Directory: C:/msys64/home/rtyng/cpp-physics-engine/build
"Vec3Invert.LeavesZeroVectorUnchanged" start time: Jul 12 20:56 Eastern Daylight Time
Output:
----------------------------------------------------------
Running main() from C:/msys64/home/rtyng/cpp-physics-engine/build/_deps/googletest-src/googletest/src/gtest_main.cc
Note: Google Test filter = Vec3Invert.LeavesZeroVectorUnchanged
[==========] Running 1 test from 1 test suite.
[----------] Global test environment set-up.
[----------] 1 test from Vec3Invert
[ RUN      ] Vec3Invert.LeavesZeroVectorUnchanged
[       OK ] Vec3Invert.LeavesZeroVectorUnchanged (0 ms)
[----------] 1 test from Vec3Invert (0 ms total)

[----------] Global test environment tear-down
[==========] 1 test from 1 test suite ran. (0 ms total)
[  PASSED  ] 1 test.
<end of output>
Test time =   0.01 sec
----------------------------------------------------------
Test Passed.
"Vec3Invert.LeavesZeroVectorUnchanged" end time: Jul 12 20:56 Eastern Daylight Time
"Vec3Invert.LeavesZeroVectorUnchanged" time elapsed: 00:00:00
----------------------------------------------------------

43/49 Testing: Vec3Invert.ApplyingTwiceRestoresOriginalVector
43/49 Test: Vec3Invert.ApplyingTwiceRestoresOriginalVector
Command: "C:/msys64/home/rtyng/cpp-physics-engine/build/math_core_tests.exe" "--gtest_filter=Vec3Invert.ApplyingTwiceRestoresOriginalVector" "--gtest_also_run_disabled_tests"
Directory: C:/msys64/home/rtyng/cpp-physics-engine/build
"Vec3Invert.ApplyingTwiceRestoresOriginalVector" start time: Jul 12 20:56 Eastern Daylight Time
Output:
----------------------------------------------------------
Running main() from C:/msys64/home/rtyng/cpp-physics-engine/build/_deps/googletest-src/googletest/src/gtest_main.cc
Note: Google Test filter = Vec3Invert.ApplyingTwiceRestoresOriginalVector
[==========] Running 1 test from 1 test suite.
[----------] Global test environment set-up.
[----------] 1 test from Vec3Invert
[ RUN      ] Vec3Invert.ApplyingTwiceRestoresOriginalVector
[       OK ] Vec3Invert.ApplyingTwiceRestoresOriginalVector (0 ms)
[----------] 1 test from Vec3Invert (0 ms total)

[----------] Global test environment tear-down
[==========] 1 test from 1 test suite ran. (0 ms total)
[  PASSED  ] 1 test.
<end of output>
Test time =   0.01 sec
----------------------------------------------------------
Test Passed.
"Vec3Invert.ApplyingTwiceRestoresOriginalVector" end time: Jul 12 20:56 Eastern Daylight Time
"Vec3Invert.ApplyingTwiceRestoresOriginalVector" time elapsed: 00:00:00
----------------------------------------------------------

44/49 Testing: Vec3Invert.DoesNotChangeMagnitude
44/49 Test: Vec3Invert.DoesNotChangeMagnitude
Command: "C:/msys64/home/rtyng/cpp-physics-engine/build/math_core_tests.exe" "--gtest_filter=Vec3Invert.DoesNotChangeMagnitude" "--gtest_also_run_disabled_tests"
Directory: C:/msys64/home/rtyng/cpp-physics-engine/build
"Vec3Invert.DoesNotChangeMagnitude" start time: Jul 12 20:56 Eastern Daylight Time
Output:
----------------------------------------------------------
Running main() from C:/msys64/home/rtyng/cpp-physics-engine/build/_deps/googletest-src/googletest/src/gtest_main.cc
Note: Google Test filter = Vec3Invert.DoesNotChangeMagnitude
[==========] Running 1 test from 1 test suite.
[----------] Global test environment set-up.
[----------] 1 test from Vec3Invert
[ RUN      ] Vec3Invert.DoesNotChangeMagnitude
[       OK ] Vec3Invert.DoesNotChangeMagnitude (0 ms)
[----------] 1 test from Vec3Invert (0 ms total)

[----------] Global test environment tear-down
[==========] 1 test from 1 test suite ran. (0 ms total)
[  PASSED  ] 1 test.
<end of output>
Test time =   0.01 sec
----------------------------------------------------------
Test Passed.
"Vec3Invert.DoesNotChangeMagnitude" end time: Jul 12 20:56 Eastern Daylight Time
"Vec3Invert.DoesNotChangeMagnitude" time elapsed: 00:00:00
----------------------------------------------------------

45/49 Testing: Vec3AddScaledVector.AddsVectorMultipliedByScale
45/49 Test: Vec3AddScaledVector.AddsVectorMultipliedByScale
Command: "C:/msys64/home/rtyng/cpp-physics-engine/build/math_core_tests.exe" "--gtest_filter=Vec3AddScaledVector.AddsVectorMultipliedByScale" "--gtest_also_run_disabled_tests"
Directory: C:/msys64/home/rtyng/cpp-physics-engine/build
"Vec3AddScaledVector.AddsVectorMultipliedByScale" start time: Jul 12 20:56 Eastern Daylight Time
Output:
----------------------------------------------------------
Running main() from C:/msys64/home/rtyng/cpp-physics-engine/build/_deps/googletest-src/googletest/src/gtest_main.cc
Note: Google Test filter = Vec3AddScaledVector.AddsVectorMultipliedByScale
[==========] Running 1 test from 1 test suite.
[----------] Global test environment set-up.
[----------] 1 test from Vec3AddScaledVector
[ RUN      ] Vec3AddScaledVector.AddsVectorMultipliedByScale
[       OK ] Vec3AddScaledVector.AddsVectorMultipliedByScale (0 ms)
[----------] 1 test from Vec3AddScaledVector (0 ms total)

[----------] Global test environment tear-down
[==========] 1 test from 1 test suite ran. (0 ms total)
[  PASSED  ] 1 test.
<end of output>
Test time =   0.01 sec
----------------------------------------------------------
Test Passed.
"Vec3AddScaledVector.AddsVectorMultipliedByScale" end time: Jul 12 20:56 Eastern Daylight Time
"Vec3AddScaledVector.AddsVectorMultipliedByScale" time elapsed: 00:00:00
----------------------------------------------------------

46/49 Testing: Vec3AddScaledVector.ZeroScaleLeavesCurrentVectorUnchanged
46/49 Test: Vec3AddScaledVector.ZeroScaleLeavesCurrentVectorUnchanged
Command: "C:/msys64/home/rtyng/cpp-physics-engine/build/math_core_tests.exe" "--gtest_filter=Vec3AddScaledVector.ZeroScaleLeavesCurrentVectorUnchanged" "--gtest_also_run_disabled_tests"
Directory: C:/msys64/home/rtyng/cpp-physics-engine/build
"Vec3AddScaledVector.ZeroScaleLeavesCurrentVectorUnchanged" start time: Jul 12 20:56 Eastern Daylight Time
Output:
----------------------------------------------------------
Running main() from C:/msys64/home/rtyng/cpp-physics-engine/build/_deps/googletest-src/googletest/src/gtest_main.cc
Note: Google Test filter = Vec3AddScaledVector.ZeroScaleLeavesCurrentVectorUnchanged
[==========] Running 1 test from 1 test suite.
[----------] Global test environment set-up.
[----------] 1 test from Vec3AddScaledVector
[ RUN      ] Vec3AddScaledVector.ZeroScaleLeavesCurrentVectorUnchanged
[       OK ] Vec3AddScaledVector.ZeroScaleLeavesCurrentVectorUnchanged (0 ms)
[----------] 1 test from Vec3AddScaledVector (0 ms total)

[----------] Global test environment tear-down
[==========] 1 test from 1 test suite ran. (0 ms total)
[  PASSED  ] 1 test.
<end of output>
Test time =   0.01 sec
----------------------------------------------------------
Test Passed.
"Vec3AddScaledVector.ZeroScaleLeavesCurrentVectorUnchanged" end time: Jul 12 20:56 Eastern Daylight Time
"Vec3AddScaledVector.ZeroScaleLeavesCurrentVectorUnchanged" time elapsed: 00:00:00
----------------------------------------------------------

47/49 Testing: Vec3AddScaledVector.NegativeScaleSubtractsScaledVector
47/49 Test: Vec3AddScaledVector.NegativeScaleSubtractsScaledVector
Command: "C:/msys64/home/rtyng/cpp-physics-engine/build/math_core_tests.exe" "--gtest_filter=Vec3AddScaledVector.NegativeScaleSubtractsScaledVector" "--gtest_also_run_disabled_tests"
Directory: C:/msys64/home/rtyng/cpp-physics-engine/build
"Vec3AddScaledVector.NegativeScaleSubtractsScaledVector" start time: Jul 12 20:56 Eastern Daylight Time
Output:
----------------------------------------------------------
Running main() from C:/msys64/home/rtyng/cpp-physics-engine/build/_deps/googletest-src/googletest/src/gtest_main.cc
Note: Google Test filter = Vec3AddScaledVector.NegativeScaleSubtractsScaledVector
[==========] Running 1 test from 1 test suite.
[----------] Global test environment set-up.
[----------] 1 test from Vec3AddScaledVector
[ RUN      ] Vec3AddScaledVector.NegativeScaleSubtractsScaledVector
[       OK ] Vec3AddScaledVector.NegativeScaleSubtractsScaledVector (0 ms)
[----------] 1 test from Vec3AddScaledVector (0 ms total)

[----------] Global test environment tear-down
[==========] 1 test from 1 test suite ran. (0 ms total)
[  PASSED  ] 1 test.
<end of output>
Test time =   0.02 sec
----------------------------------------------------------
Test Passed.
"Vec3AddScaledVector.NegativeScaleSubtractsScaledVector" end time: Jul 12 20:56 Eastern Daylight Time
"Vec3AddScaledVector.NegativeScaleSubtractsScaledVector" time elapsed: 00:00:00
----------------------------------------------------------

48/49 Testing: Vec3AddScaledVector.DoesNotModifyInputVector
48/49 Test: Vec3AddScaledVector.DoesNotModifyInputVector
Command: "C:/msys64/home/rtyng/cpp-physics-engine/build/math_core_tests.exe" "--gtest_filter=Vec3AddScaledVector.DoesNotModifyInputVector" "--gtest_also_run_disabled_tests"
Directory: C:/msys64/home/rtyng/cpp-physics-engine/build
"Vec3AddScaledVector.DoesNotModifyInputVector" start time: Jul 12 20:56 Eastern Daylight Time
Output:
----------------------------------------------------------
Running main() from C:/msys64/home/rtyng/cpp-physics-engine/build/_deps/googletest-src/googletest/src/gtest_main.cc
Note: Google Test filter = Vec3AddScaledVector.DoesNotModifyInputVector
[==========] Running 1 test from 1 test suite.
[----------] Global test environment set-up.
[----------] 1 test from Vec3AddScaledVector
[ RUN      ] Vec3AddScaledVector.DoesNotModifyInputVector
[       OK ] Vec3AddScaledVector.DoesNotModifyInputVector (0 ms)
[----------] 1 test from Vec3AddScaledVector (0 ms total)

[----------] Global test environment tear-down
[==========] 1 test from 1 test suite ran. (0 ms total)
[  PASSED  ] 1 test.
<end of output>
Test time =   0.01 sec
----------------------------------------------------------
Test Passed.
"Vec3AddScaledVector.DoesNotModifyInputVector" end time: Jul 12 20:56 Eastern Daylight Time
"Vec3AddScaledVector.DoesNotModifyInputVector" time elapsed: 00:00:00
----------------------------------------------------------

49/49 Testing: Vec3AddScaledVector.MatchesManualComponentCalculation
49/49 Test: Vec3AddScaledVector.MatchesManualComponentCalculation
Command: "C:/msys64/home/rtyng/cpp-physics-engine/build/math_core_tests.exe" "--gtest_filter=Vec3AddScaledVector.MatchesManualComponentCalculation" "--gtest_also_run_disabled_tests"
Directory: C:/msys64/home/rtyng/cpp-physics-engine/build
"Vec3AddScaledVector.MatchesManualComponentCalculation" start time: Jul 12 20:56 Eastern Daylight Time
Output:
----------------------------------------------------------
Running main() from C:/msys64/home/rtyng/cpp-physics-engine/build/_deps/googletest-src/googletest/src/gtest_main.cc
Note: Google Test filter = Vec3AddScaledVector.MatchesManualComponentCalculation
[==========] Running 1 test from 1 test suite.
[----------] Global test environment set-up.
[----------] 1 test from Vec3AddScaledVector
[ RUN      ] Vec3AddScaledVector.MatchesManualComponentCalculation
[       OK ] Vec3AddScaledVector.MatchesManualComponentCalculation (0 ms)
[----------] 1 test from Vec3AddScaledVector (0 ms total)

[----------] Global test environment tear-down
[==========] 1 test from 1 test suite ran. (0 ms total)
[  PASSED  ] 1 test.
<end of output>
Test time =   0.01 sec
----------------------------------------------------------
Test Passed.
"Vec3AddScaledVector.MatchesManualComponentCalculation" end time: Jul 12 20:56 Eastern Daylight Time
"Vec3AddScaledVector.MatchesManualComponentCalculation" time elapsed: 00:00:00
----------------------------------------------------------

End testing: Jul 12 20:56 Eastern Daylight Time
